2022-05-23 00:43:43 ERROR IntegrationsConfig:53 --> Error Creating intelligentNetworkService : 
java.lang.ClassNotFoundException: com.econetwireless.in.webservice.IntelligentNetworkService
	at java.net.URLClassLoader.findClass(URLClassLoader.java:387) ~[?:1.8.0_312]
	at java.lang.ClassLoader.loadClass(ClassLoader.java:418) ~[?:1.8.0_312]
	at sun.misc.Launcher$AppClassLoader.loadClass(Launcher.java:352) ~[?:1.8.0_312]
	at java.lang.ClassLoader.loadClass(ClassLoader.java:351) ~[?:1.8.0_312]
	at java.lang.Class.forName0(Native Method) ~[?:1.8.0_312]
	at java.lang.Class.forName(Class.java:264) ~[?:1.8.0_312]
	at com.econetwireless.epay.business.config.IntegrationsConfig.intelligentNetworkService(IntegrationsConfig.java:41) [classes/:?]
	at com.econetwireless.epay.business.config.IntegrationsConfig$$EnhancerBySpringCGLIB$$761cec03.CGLIB$intelligentNetworkService$1(<generated>) [classes/:?]
	at com.econetwireless.epay.business.config.IntegrationsConfig$$EnhancerBySpringCGLIB$$761cec03$$FastClassBySpringCGLIB$$7dc316f8.invoke(<generated>) [classes/:?]
	at org.springframework.cglib.proxy.MethodProxy.invokeSuper(MethodProxy.java:228) [spring-core-4.3.5.RELEASE.jar:4.3.5.RELEASE]
	at org.springframework.context.annotation.ConfigurationClassEnhancer$BeanMethodInterceptor.intercept(ConfigurationClassEnhancer.java:356) [spring-context-4.3.5.RELEASE.jar:4.3.5.RELEASE]
	at com.econetwireless.epay.business.config.IntegrationsConfig$$EnhancerBySpringCGLIB$$761cec03.intelligentNetworkService(<generated>) [classes/:?]
	at sun.reflect.NativeMethodAccessorImpl.invoke0(Native Method) ~[?:1.8.0_312]
	at sun.reflect.NativeMethodAccessorImpl.invoke(NativeMethodAccessorImpl.java:62) ~[?:1.8.0_312]
	at sun.reflect.DelegatingMethodAccessorImpl.invoke(DelegatingMethodAccessorImpl.java:43) ~[?:1.8.0_312]
	at java.lang.reflect.Method.invoke(Method.java:498) ~[?:1.8.0_312]
	at org.springframework.beans.factory.support.SimpleInstantiationStrategy.instantiate(SimpleInstantiationStrategy.java:162) [spring-beans-4.3.5.RELEASE.jar:4.3.5.RELEASE]
	at org.springframework.beans.factory.support.ConstructorResolver.instantiateUsingFactoryMethod(ConstructorResolver.java:588) [spring-beans-4.3.5.RELEASE.jar:4.3.5.RELEASE]
	at org.springframework.beans.factory.support.AbstractAutowireCapableBeanFactory.instantiateUsingFactoryMethod(AbstractAutowireCapableBeanFactory.java:1134) [spring-beans-4.3.5.RELEASE.jar:4.3.5.RELEASE]
	at org.springframework.beans.factory.support.AbstractAutowireCapableBeanFactory.createBeanInstance(AbstractAutowireCapableBeanFactory.java:1028) [spring-beans-4.3.5.RELEASE.jar:4.3.5.RELEASE]
	at org.springframework.beans.factory.support.AbstractAutowireCapableBeanFactory.getSingletonFactoryBeanForTypeCheck(AbstractAutowireCapableBeanFactory.java:887) [spring-beans-4.3.5.RELEASE.jar:4.3.5.RELEASE]
	at org.springframework.beans.factory.support.AbstractAutowireCapableBeanFactory.getTypeForFactoryBean(AbstractAutowireCapableBeanFactory.java:814) [spring-beans-4.3.5.RELEASE.jar:4.3.5.RELEASE]
	at org.springframework.beans.factory.support.AbstractBeanFactory.isTypeMatch(AbstractBeanFactory.java:547) [spring-beans-4.3.5.RELEASE.jar:4.3.5.RELEASE]
	at org.springframework.beans.factory.support.DefaultListableBeanFactory.doGetBeanNamesForType(DefaultListableBeanFactory.java:430) [spring-beans-4.3.5.RELEASE.jar:4.3.5.RELEASE]
	at org.springframework.beans.factory.support.DefaultListableBeanFactory.getBeanNamesForType(DefaultListableBeanFactory.java:403) [spring-beans-4.3.5.RELEASE.jar:4.3.5.RELEASE]
	at org.springframework.beans.factory.BeanFactoryUtils.beanNamesForTypeIncludingAncestors(BeanFactoryUtils.java:220) [spring-beans-4.3.5.RELEASE.jar:4.3.5.RELEASE]
	at org.springframework.beans.factory.support.DefaultListableBeanFactory.findAutowireCandidates(DefaultListableBeanFactory.java:1248) [spring-beans-4.3.5.RELEASE.jar:4.3.5.RELEASE]
	at org.springframework.beans.factory.support.DefaultListableBeanFactory.doResolveDependency(DefaultListableBeanFactory.java:1099) [spring-beans-4.3.5.RELEASE.jar:4.3.5.RELEASE]
	at org.springframework.beans.factory.support.DefaultListableBeanFactory.resolveDependency(DefaultListableBeanFactory.java:1064) [spring-beans-4.3.5.RELEASE.jar:4.3.5.RELEASE]
	at org.springframework.beans.factory.support.ConstructorResolver.resolveAutowiredArgument(ConstructorResolver.java:835) [spring-beans-4.3.5.RELEASE.jar:4.3.5.RELEASE]
	at org.springframework.beans.factory.support.ConstructorResolver.createArgumentArray(ConstructorResolver.java:741) [spring-beans-4.3.5.RELEASE.jar:4.3.5.RELEASE]
	at org.springframework.beans.factory.support.ConstructorResolver.instantiateUsingFactoryMethod(ConstructorResolver.java:467) [spring-beans-4.3.5.RELEASE.jar:4.3.5.RELEASE]
	at org.springframework.beans.factory.support.AbstractAutowireCapableBeanFactory.instantiateUsingFactoryMethod(AbstractAutowireCapableBeanFactory.java:1134) [spring-beans-4.3.5.RELEASE.jar:4.3.5.RELEASE]
	at org.springframework.beans.factory.support.AbstractAutowireCapableBeanFactory.createBeanInstance(AbstractAutowireCapableBeanFactory.java:1028) [spring-beans-4.3.5.RELEASE.jar:4.3.5.RELEASE]
	at org.springframework.beans.factory.support.AbstractAutowireCapableBeanFactory.doCreateBean(AbstractAutowireCapableBeanFactory.java:513) [spring-beans-4.3.5.RELEASE.jar:4.3.5.RELEASE]
	at org.springframework.beans.factory.support.AbstractAutowireCapableBeanFactory.createBean(AbstractAutowireCapableBeanFactory.java:483) [spring-beans-4.3.5.RELEASE.jar:4.3.5.RELEASE]
	at org.springframework.beans.factory.support.AbstractBeanFactory$1.getObject(AbstractBeanFactory.java:306) [spring-beans-4.3.5.RELEASE.jar:4.3.5.RELEASE]
	at org.springframework.beans.factory.support.DefaultSingletonBeanRegistry.getSingleton(DefaultSingletonBeanRegistry.java:230) [spring-beans-4.3.5.RELEASE.jar:4.3.5.RELEASE]
	at org.springframework.beans.factory.support.AbstractBeanFactory.doGetBean(AbstractBeanFactory.java:302) [spring-beans-4.3.5.RELEASE.jar:4.3.5.RELEASE]
	at org.springframework.beans.factory.support.AbstractBeanFactory.getBean(AbstractBeanFactory.java:197) [spring-beans-4.3.5.RELEASE.jar:4.3.5.RELEASE]
	at org.springframework.beans.factory.support.DefaultListableBeanFactory.preInstantiateSingletons(DefaultListableBeanFactory.java:759) [spring-beans-4.3.5.RELEASE.jar:4.3.5.RELEASE]
	at org.springframework.context.support.AbstractApplicationContext.finishBeanFactoryInitialization(AbstractApplicationContext.java:866) [spring-context-4.3.5.RELEASE.jar:4.3.5.RELEASE]
	at org.springframework.context.support.AbstractApplicationContext.refresh(AbstractApplicationContext.java:542) [spring-context-4.3.5.RELEASE.jar:4.3.5.RELEASE]
	at org.springframework.test.context.web.AbstractGenericWebContextLoader.loadContext(AbstractGenericWebContextLoader.java:134) [spring-test-4.3.5.RELEASE.jar:4.3.5.RELEASE]
	at org.springframework.test.context.web.AbstractGenericWebContextLoader.loadContext(AbstractGenericWebContextLoader.java:61) [spring-test-4.3.5.RELEASE.jar:4.3.5.RELEASE]
	at org.springframework.test.context.support.AbstractDelegatingSmartContextLoader.delegateLoading(AbstractDelegatingSmartContextLoader.java:108) [spring-test-4.3.5.RELEASE.jar:4.3.5.RELEASE]
	at org.springframework.test.context.support.AbstractDelegatingSmartContextLoader.loadContext(AbstractDelegatingSmartContextLoader.java:251) [spring-test-4.3.5.RELEASE.jar:4.3.5.RELEASE]
	at org.springframework.test.context.cache.DefaultCacheAwareContextLoaderDelegate.loadContextInternal(DefaultCacheAwareContextLoaderDelegate.java:98) [spring-test-4.3.5.RELEASE.jar:4.3.5.RELEASE]
	at org.springframework.test.context.cache.DefaultCacheAwareContextLoaderDelegate.loadContext(DefaultCacheAwareContextLoaderDelegate.java:116) [spring-test-4.3.5.RELEASE.jar:4.3.5.RELEASE]
	at org.springframework.test.context.MergedContextConfiguration.getParentApplicationContext(MergedContextConfiguration.java:438) [spring-test-4.3.5.RELEASE.jar:4.3.5.RELEASE]
	at org.springframework.test.context.web.AbstractGenericWebContextLoader.loadContext(AbstractGenericWebContextLoader.java:124) [spring-test-4.3.5.RELEASE.jar:4.3.5.RELEASE]
	at org.springframework.test.context.web.AbstractGenericWebContextLoader.loadContext(AbstractGenericWebContextLoader.java:61) [spring-test-4.3.5.RELEASE.jar:4.3.5.RELEASE]
	at org.springframework.test.context.support.AbstractDelegatingSmartContextLoader.delegateLoading(AbstractDelegatingSmartContextLoader.java:108) [spring-test-4.3.5.RELEASE.jar:4.3.5.RELEASE]
	at org.springframework.test.context.support.AbstractDelegatingSmartContextLoader.loadContext(AbstractDelegatingSmartContextLoader.java:251) [spring-test-4.3.5.RELEASE.jar:4.3.5.RELEASE]
	at org.springframework.test.context.cache.DefaultCacheAwareContextLoaderDelegate.loadContextInternal(DefaultCacheAwareContextLoaderDelegate.java:98) [spring-test-4.3.5.RELEASE.jar:4.3.5.RELEASE]
	at org.springframework.test.context.cache.DefaultCacheAwareContextLoaderDelegate.loadContext(DefaultCacheAwareContextLoaderDelegate.java:116) [spring-test-4.3.5.RELEASE.jar:4.3.5.RELEASE]
	at org.springframework.test.context.support.DefaultTestContext.getApplicationContext(DefaultTestContext.java:83) [spring-test-4.3.5.RELEASE.jar:4.3.5.RELEASE]
	at org.springframework.test.context.web.ServletTestExecutionListener.setUpRequestContextIfNecessary(ServletTestExecutionListener.java:189) [spring-test-4.3.5.RELEASE.jar:4.3.5.RELEASE]
	at org.springframework.test.context.web.ServletTestExecutionListener.prepareTestInstance(ServletTestExecutionListener.java:131) [spring-test-4.3.5.RELEASE.jar:4.3.5.RELEASE]
	at org.springframework.test.context.TestContextManager.prepareTestInstance(TestContextManager.java:230) [spring-test-4.3.5.RELEASE.jar:4.3.5.RELEASE]
	at org.springframework.test.context.junit4.SpringJUnit4ClassRunner.createTest(SpringJUnit4ClassRunner.java:228) [spring-test-4.3.5.RELEASE.jar:4.3.5.RELEASE]
	at org.springframework.test.context.junit4.SpringJUnit4ClassRunner$1.runReflectiveCall(SpringJUnit4ClassRunner.java:287) [spring-test-4.3.5.RELEASE.jar:4.3.5.RELEASE]
	at org.junit.internal.runners.model.ReflectiveCallable.run(ReflectiveCallable.java:12) [junit-4.12.jar:4.12]
	at org.springframework.test.context.junit4.SpringJUnit4ClassRunner.methodBlock(SpringJUnit4ClassRunner.java:289) [spring-test-4.3.5.RELEASE.jar:4.3.5.RELEASE]
	at org.springframework.test.context.junit4.SpringJUnit4ClassRunner.runChild(SpringJUnit4ClassRunner.java:247) [spring-test-4.3.5.RELEASE.jar:4.3.5.RELEASE]
	at org.springframework.test.context.junit4.SpringJUnit4ClassRunner.runChild(SpringJUnit4ClassRunner.java:94) [spring-test-4.3.5.RELEASE.jar:4.3.5.RELEASE]
	at org.junit.runners.ParentRunner$3.run(ParentRunner.java:290) [junit-4.12.jar:4.12]
	at org.junit.runners.ParentRunner$1.schedule(ParentRunner.java:71) [junit-4.12.jar:4.12]
	at org.junit.runners.ParentRunner.runChildren(ParentRunner.java:288) [junit-4.12.jar:4.12]
	at org.junit.runners.ParentRunner.access$000(ParentRunner.java:58) [junit-4.12.jar:4.12]
	at org.junit.runners.ParentRunner$2.evaluate(ParentRunner.java:268) [junit-4.12.jar:4.12]
	at org.springframework.test.context.junit4.statements.RunBeforeTestClassCallbacks.evaluate(RunBeforeTestClassCallbacks.java:61) [spring-test-4.3.5.RELEASE.jar:4.3.5.RELEASE]
	at org.springframework.test.context.junit4.statements.RunAfterTestClassCallbacks.evaluate(RunAfterTestClassCallbacks.java:70) [spring-test-4.3.5.RELEASE.jar:4.3.5.RELEASE]
	at org.junit.runners.ParentRunner.run(ParentRunner.java:363) [junit-4.12.jar:4.12]
	at org.springframework.test.context.junit4.SpringJUnit4ClassRunner.run(SpringJUnit4ClassRunner.java:191) [spring-test-4.3.5.RELEASE.jar:4.3.5.RELEASE]
	at org.junit.runner.JUnitCore.run(JUnitCore.java:137) [junit-4.12.jar:4.12]
	at com.intellij.junit4.JUnit4IdeaTestRunner.startRunnerWithArgs(JUnit4IdeaTestRunner.java:68) [junit-rt.jar:?]
	at com.intellij.rt.execution.junit.IdeaTestRunner$Repeater.startRunnerWithArgs(IdeaTestRunner.java:47) [junit-rt.jar:?]
	at com.intellij.rt.execution.junit.JUnitStarter.prepareStreamsAndStart(JUnitStarter.java:242) [junit-rt.jar:?]
	at com.intellij.rt.execution.junit.JUnitStarter.main(JUnitStarter.java:70) [junit-rt.jar:?]
